\BOOKMARK [0][-]{Doc-Start}{Abstract}{}% 1
\BOOKMARK [0][-]{chapter.1}{Introduction}{}% 2
\BOOKMARK [1][-]{section.1.1}{Overview of Model and Model Driven Engineering}{chapter.1}% 3
\BOOKMARK [1][-]{section.1.2}{Research simulations: YCIL immune systems studies}{chapter.1}% 4
\BOOKMARK [1][-]{section.1.3}{Motivation and Research Hypothesis}{chapter.1}% 5
\BOOKMARK [1][-]{section.1.4}{Thesis Structure}{chapter.1}% 6
\BOOKMARK [0][-]{chapter.2}{Background}{}% 7
\BOOKMARK [1][-]{section.2.1}{MDE Concepts and Terminologies}{chapter.2}% 8
\BOOKMARK [2][-]{subsection.2.1.1}{Models and Metamodels}{section.2.1}% 9
\BOOKMARK [2][-]{subsection.2.1.2}{Modelling Languages and Semantics}{section.2.1}% 10
\BOOKMARK [2][-]{subsection.2.1.3}{MOF and Ecore: A Metamodelling Language}{section.2.1}% 11
\BOOKMARK [2][-]{subsection.2.1.4}{Model Management}{section.2.1}% 12
\BOOKMARK [2][-]{subsection.2.1.5}{MDE Approach and Tools}{section.2.1}% 13
\BOOKMARK [1][-]{section.2.2}{MDE Tools}{chapter.2}% 14
\BOOKMARK [2][-]{subsection.2.2.1}{Eclipse Modelling Framework}{section.2.2}% 15
\BOOKMARK [2][-]{subsection.2.2.2}{Papyrus}{section.2.2}% 16
\BOOKMARK [2][-]{subsection.2.2.3}{Epsilon}{section.2.2}% 17
\BOOKMARK [1][-]{section.2.3}{MDE Benefits and Simulation Confidence}{chapter.2}% 18
\BOOKMARK [1][-]{section.2.4}{YCIL: CosMoS Approach}{chapter.2}% 19
\BOOKMARK [0][-]{chapter.3}{Domain Analysis and Observation}{}% 20
